<?xml version="1.0" encoding="UTF-8"?>
<!-- Generated by org.testng.reporters.JUnitReportReporter -->
<testsuite hostname="LT075537" name="com.npw.testscripts.ra.TC_01_CreateRAApplication" tests="1" failures="0" timestamp="24 Jan 2020 07:39:31 GMT" time="43.645" errors="0">
  <testcase name="createApp" time="43.645" classname="com.npw.testscripts.ra.TC_01_CreateRAApplication"/>
</testsuite> <!-- com.npw.testscripts.ra.TC_01_CreateRAApplication -->
