<?xml version="1.0" encoding="UTF-8"?>
<!-- Generated by org.testng.reporters.JUnitReportReporter -->
<testsuite hostname="LT075537" name="com.npw.testscripts.ra.TC_ReportingDemo" tests="1" failures="0" timestamp="21 Jan 2020 09:37:36 GMT" time="3.539" errors="0">
  <testcase name="tesn" time="3.539" classname="com.npw.testscripts.ra.TC_ReportingDemo"/>
</testsuite> <!-- com.npw.testscripts.ra.TC_ReportingDemo -->
