<?xml version="1.0" encoding="UTF-8"?>
<!-- Generated by org.testng.reporters.JUnitReportReporter -->
<testsuite hostname="LT075537" name="com.npw.testscripts.ra.TC_04_linkValidationOMHomePage" tests="1" failures="0" timestamp="30 Jan 2020 22:05:23 GMT" time="5.184" errors="0">
  <testcase name="homePageBrokenLinks" time="5.184" classname="com.npw.testscripts.ra.TC_04_linkValidationOMHomePage"/>
</testsuite> <!-- com.npw.testscripts.ra.TC_04_linkValidationOMHomePage -->
