<?xml version="1.0" encoding="UTF-8"?>
<!-- Generated by org.testng.reporters.JUnitReportReporter -->
<testsuite hostname="LT075537" name="com.npw.testscripts.ra.TC_01_CreateRAApplication2" tests="1" failures="0" timestamp="20 Jan 2020 14:27:15 GMT" time="100.330" errors="0">
  <testcase name="createApp" time="100.330" classname="com.npw.testscripts.ra.TC_01_CreateRAApplication2"/>
</testsuite> <!-- com.npw.testscripts.ra.TC_01_CreateRAApplication2 -->
