<?xml version="1.0" encoding="UTF-8"?>
<!-- Generated by org.testng.reporters.JUnitReportReporter -->
<testsuite hostname="LT075537" name="com.npw.demo.TC_02_RA_Regression" tests="1" failures="0" timestamp="22 Jan 2020 21:38:15 GMT" time="0.418" errors="0">
  <testcase name="RA_Regression" time="0.418" classname="com.npw.demo.TC_02_RA_Regression"/>
</testsuite> <!-- com.npw.demo.TC_02_RA_Regression -->
