<?xml version="1.0" encoding="UTF-8"?>
<!-- Generated by org.testng.reporters.JUnitReportReporter -->
<testsuite hostname="LT075537" name="com.npw.testscripts.ra.TC_05_VerifyNPWLinks" tests="1" failures="0" timestamp="30 Jan 2020 22:18:30 GMT" time="287.559" errors="0">
  <testcase name="verifyLinks" time="287.559" classname="com.npw.testscripts.ra.TC_05_VerifyNPWLinks"/>
</testsuite> <!-- com.npw.testscripts.ra.TC_05_VerifyNPWLinks -->
