<?xml version="1.0" encoding="UTF-8"?>
<!-- Generated by org.testng.reporters.JUnitReportReporter -->
<testsuite hostname="LT075537" name="com.npw.demo.TC_01" tests="1" failures="0" timestamp="9 Jan 2020 11:38:55 GMT" time="0.006" errors="0">
  <testcase name="testn" time="0.006" classname="com.npw.demo.TC_01"/>
</testsuite> <!-- com.npw.demo.TC_01 -->
