<?xml version="1.0" encoding="UTF-8"?>
<!-- Generated by org.testng.reporters.JUnitReportReporter -->
<testsuite hostname="LT075537" name="com.npw.testscripts.ra.TC_01_CreateAppHotelBooking" tests="1" failures="0" timestamp="22 Jan 2020 23:25:53 GMT" time="11.907" errors="0">
  <testcase name="createApp" time="11.907" classname="com.npw.testscripts.ra.TC_01_CreateAppHotelBooking"/>
</testsuite> <!-- com.npw.testscripts.ra.TC_01_CreateAppHotelBooking -->
