<?xml version="1.0" encoding="UTF-8"?>
<!-- Generated by org.testng.reporters.JUnitReportReporter -->
<testsuite hostname="LT075537" name="com.npw.testscripts.ra.TC_01_TD" tests="1" failures="0" timestamp="23 Jan 2020 11:58:48 GMT" time="0.189" errors="0">
  <testcase name="testdata" time="0.189" classname="com.npw.testscripts.ra.TC_01_TD"/>
</testsuite> <!-- com.npw.testscripts.ra.TC_01_TD -->
