<?xml version="1.0" encoding="UTF-8"?>
<!-- Generated by org.testng.reporters.JUnitReportReporter -->
<testsuite hostname="LT075537" name="com.npw.testscripts.ra.TC_02_errorMsgValidationLeadTrackerRAApplication" tests="1" failures="0" timestamp="16 Jan 2020 19:50:32 GMT" time="53.205" errors="0">
  <testcase name="errorMsgLeadtrackerRA" time="53.205" classname="com.npw.testscripts.ra.TC_02_errorMsgValidationLeadTrackerRAApplication"/>
</testsuite> <!-- com.npw.testscripts.ra.TC_02_errorMsgValidationLeadTrackerRAApplication -->
