<?xml version="1.0" encoding="UTF-8"?>
<!-- Generated by org.testng.reporters.JUnitReportReporter -->
<testsuite hostname="LT075537" name="com.npw.testscripts.ra.TC_03_brokenLinksOMHomePage" tests="1" failures="0" timestamp="27 Jan 2020 08:28:35 GMT" time="130.149" errors="0">
  <testcase name="homePageBrokenLinks" time="130.149" classname="com.npw.testscripts.ra.TC_03_brokenLinksOMHomePage"/>
</testsuite> <!-- com.npw.testscripts.ra.TC_03_brokenLinksOMHomePage -->
