<?xml version="1.0" encoding="UTF-8"?>
<!-- Generated by org.testng.reporters.JUnitReportReporter -->
<testsuite hostname="LT075537" name="com.npw.testscripts.ra.TC_02_invalidMobileNumberRAApplication" tests="1" failures="0" timestamp="16 Jan 2020 14:37:28 GMT" time="60.742" errors="0">
  <testcase name="createApp" time="60.742" classname="com.npw.testscripts.ra.TC_02_invalidMobileNumberRAApplication"/>
</testsuite> <!-- com.npw.testscripts.ra.TC_02_invalidMobileNumberRAApplication -->
